2018-10-21 12:48:30.092  INFO 6512 --- [main] com.rabii.demo.DemoApplication           : Starting DemoApplication on DESKTOP-5M93QKJ with PID 6512 (C:\Users\rabii\workspace_spring_boot\demo\target\classes started by rabii in C:\Users\rabii\workspace_spring_boot\demo)
2018-10-21 12:48:30.092  INFO 6512 --- [main] com.rabii.demo.DemoApplication           : No active profile set, falling back to default profiles: default
2018-10-21 12:48:30.140  INFO 6512 --- [main] ConfigServletWebServerApplicationContext : Refreshing org.springframework.boot.web.servlet.context.AnnotationConfigServletWebServerApplicationContext@5dd6264: startup date [Sun Oct 21 12:48:30 WEST 2018]; root of context hierarchy
2018-10-21 12:48:30.863  INFO 6512 --- [main] o.s.b.w.embedded.tomcat.TomcatWebServer  : Tomcat initialized with port(s): 8080 (http)
2018-10-21 12:48:30.887  INFO 6512 --- [main] o.apache.catalina.core.StandardService   : Starting service [Tomcat]
2018-10-21 12:48:30.887  INFO 6512 --- [main] org.apache.catalina.core.StandardEngine  : Starting Servlet Engine: Apache Tomcat/8.5.34
2018-10-21 12:48:30.891  INFO 6512 --- [localhost-startStop-1] o.a.catalina.core.AprLifecycleListener   : The APR based Apache Tomcat Native library which allows optimal performance in production environments was not found on the java.library.path: [C:\Program Files\Java\jre1.8.0_161\bin;C:\WINDOWS\Sun\Java\bin;C:\WINDOWS\system32;C:\WINDOWS;C:/Program Files/Java/jre1.8.0_161/bin/server;C:/Program Files/Java/jre1.8.0_161/bin;C:/Program Files/Java/jre1.8.0_161/lib/amd64;C:\ProgramData\Oracle\Java\javapath;C:\WINDOWS\system32;C:\WINDOWS;C:\WINDOWS\System32\Wbem;C:\WINDOWS\System32\WindowsPowerShell\v1.0\;C:\Program Files\Java\jdk1.8.0_161\bin;C:\WINDOWS\System32\OpenSSH\;C:\apache-maven-3.1.1\bin;C:\Program Files\VisualSVN Server\bin;C:\Program Files\TortoiseSVN\bin;C:\Program Files\nodejs\;C:\Program Files\Git\cmd;C:\Users\rabii\AppData\Local\Microsoft\WindowsApps;C:\Users\rabii\AppData\Roaming\npm;C:\Users\rabii\AppData\Local\Programs\Microsoft VS Code\bin;C:\Users\rabii\Desktop;;.]
2018-10-21 12:48:31.001  INFO 6512 --- [localhost-startStop-1] o.a.c.c.C.[Tomcat].[localhost].[/]       : Initializing Spring embedded WebApplicationContext
2018-10-21 12:48:31.001  INFO 6512 --- [localhost-startStop-1] o.s.web.context.ContextLoader            : Root WebApplicationContext: initialization completed in 861 ms
2018-10-21 12:48:31.049  INFO 6512 --- [localhost-startStop-1] o.s.b.w.servlet.ServletRegistrationBean  : Servlet dispatcherServlet mapped to [/]
2018-10-21 12:48:31.054  INFO 6512 --- [localhost-startStop-1] o.s.b.w.servlet.FilterRegistrationBean   : Mapping filter: 'characterEncodingFilter' to: [/*]
2018-10-21 12:48:31.054  INFO 6512 --- [localhost-startStop-1] o.s.b.w.servlet.FilterRegistrationBean   : Mapping filter: 'hiddenHttpMethodFilter' to: [/*]
2018-10-21 12:48:31.054  INFO 6512 --- [localhost-startStop-1] o.s.b.w.servlet.FilterRegistrationBean   : Mapping filter: 'httpPutFormContentFilter' to: [/*]
2018-10-21 12:48:31.054  INFO 6512 --- [localhost-startStop-1] o.s.b.w.servlet.FilterRegistrationBean   : Mapping filter: 'requestContextFilter' to: [/*]
2018-10-21 12:48:31.130  INFO 6512 --- [main] o.s.w.s.handler.SimpleUrlHandlerMapping  : Mapped URL path [/**/favicon.ico] onto handler of type [class org.springframework.web.servlet.resource.ResourceHttpRequestHandler]
2018-10-21 12:48:31.246  INFO 6512 --- [main] s.w.s.m.m.a.RequestMappingHandlerAdapter : Looking for @ControllerAdvice: org.springframework.boot.web.servlet.context.AnnotationConfigServletWebServerApplicationContext@5dd6264: startup date [Sun Oct 21 12:48:30 WEST 2018]; root of context hierarchy
2018-10-21 12:48:31.278  INFO 6512 --- [main] s.w.s.m.m.a.RequestMappingHandlerMapping : Mapped "{[/]}" onto public java.lang.String com.rabii.demo.DemoApplication.hello()
2018-10-21 12:48:31.282  INFO 6512 --- [main] s.w.s.m.m.a.RequestMappingHandlerMapping : Mapped "{[/error]}" onto public org.springframework.http.ResponseEntity<java.util.Map<java.lang.String, java.lang.Object>> org.springframework.boot.autoconfigure.web.servlet.error.BasicErrorController.error(javax.servlet.http.HttpServletRequest)
2018-10-21 12:48:31.282  INFO 6512 --- [main] s.w.s.m.m.a.RequestMappingHandlerMapping : Mapped "{[/error],produces=[text/html]}" onto public org.springframework.web.servlet.ModelAndView org.springframework.boot.autoconfigure.web.servlet.error.BasicErrorController.errorHtml(javax.servlet.http.HttpServletRequest,javax.servlet.http.HttpServletResponse)
2018-10-21 12:48:31.298  INFO 6512 --- [main] o.s.w.s.handler.SimpleUrlHandlerMapping  : Mapped URL path [/webjars/**] onto handler of type [class org.springframework.web.servlet.resource.ResourceHttpRequestHandler]
2018-10-21 12:48:31.298  INFO 6512 --- [main] o.s.w.s.handler.SimpleUrlHandlerMapping  : Mapped URL path [/**] onto handler of type [class org.springframework.web.servlet.resource.ResourceHttpRequestHandler]
2018-10-21 12:48:31.402  INFO 6512 --- [main] o.s.j.e.a.AnnotationMBeanExporter        : Registering beans for JMX exposure on startup
2018-10-21 12:48:31.434  INFO 6512 --- [main] o.s.b.w.embedded.tomcat.TomcatWebServer  : Tomcat started on port(s): 8080 (http) with context path ''
2018-10-21 12:48:31.438  INFO 6512 --- [main] com.rabii.demo.DemoApplication           : Started DemoApplication in 1.6 seconds (JVM running for 2.408)
2018-10-21 16:18:32.480  INFO 6512 --- [http-nio-8080-exec-1] o.a.c.c.C.[Tomcat].[localhost].[/]       : Initializing Spring FrameworkServlet 'dispatcherServlet'
2018-10-21 16:18:32.485  INFO 6512 --- [http-nio-8080-exec-1] o.s.web.servlet.DispatcherServlet        : FrameworkServlet 'dispatcherServlet': initialization started
2018-10-21 16:18:32.515  INFO 6512 --- [http-nio-8080-exec-1] o.s.web.servlet.DispatcherServlet        : FrameworkServlet 'dispatcherServlet': initialization completed in 29 ms
2018-10-21 16:18:32.543  INFO 6512 --- [http-nio-8080-exec-1] ication$$EnhancerBySpringCGLIB$$e7282a25 : This is an info message
2018-10-21 16:26:14.802  INFO 6512 --- [http-nio-8080-exec-5] ication$$EnhancerBySpringCGLIB$$e7282a25 : This is an info message
2018-10-21 16:29:17.983  INFO 6512 --- [RMI TCP Connection(2)-127.0.0.1] inMXBeanRegistrar$SpringApplicationAdmin : Application shutdown requested.
2018-10-21 16:29:17.991  INFO 6512 --- [RMI TCP Connection(2)-127.0.0.1] ConfigServletWebServerApplicationContext : Closing org.springframework.boot.web.servlet.context.AnnotationConfigServletWebServerApplicationContext@5dd6264: startup date [Sun Oct 21 12:48:30 WEST 2018]; root of context hierarchy
2018-10-21 16:29:17.992  INFO 6512 --- [RMI TCP Connection(2)-127.0.0.1] o.s.j.e.a.AnnotationMBeanExporter        : Unregistering JMX-exposed beans on shutdown
